<?xml version="1.0" encoding="UTF-8"?>
<testsuite xmlns:xsi="http://www.w3.org/2001/XMLSchema-instance" xsi:noNamespaceSchemaLocation="https://maven.apache.org/surefire/maven-surefire-plugin/xsd/surefire-test-report.xsd" name="com.testrunner.TestRunner" time="47.752" tests="7" errors="4" skipped="0" failures="0">
  <properties>
[...]
</properties>
  <testcase name="user able to launch the application with different browser #1" classname="check application with different browser" time="7.65"/>
  <testcase name="user able to launch the application with different browser #2" classname="check application with different browser" time="8.666"/>
  <testcase name="user able to launch the application with different browser #3" classname="check application with different browser" time="10.124"/>
  <testcase name="User able to login with different username and passward #1" classname="Check login functionality different set of creadentials" time="5.617">
    <error message="The step &apos;user  click login button&apos; is undefined.&#10;You can implement this step using the snippet(s) below:&#10;&#10;@When(&quot;user  click login button&quot;)&#10;public void user_click_login_button() {&#10;    // Write code here that turns the phrase above into concrete actions&#10;    throw new io.cucumber.java.PendingException();&#10;}&#10;" type="io.cucumber.junit.UndefinedStepException">io.cucumber.junit.UndefinedStepException: 
The step 'user  click login button' is undefined.
You can implement this step using the snippet(s) below:

@When("user  click login button")
public void user_click_login_button() {
    // Write code here that turns the phrase above into concrete actions
    throw new io.cucumber.java.PendingException();
}

</error>
  </testcase>
  <testcase name="User able to login with different username and passward #2" classname="Check login functionality different set of creadentials" time="5.799">
    <error message="The step &apos;user  click login button&apos; is undefined.&#10;You can implement this step using the snippet(s) below:&#10;&#10;@When(&quot;user  click login button&quot;)&#10;public void user_click_login_button() {&#10;    // Write code here that turns the phrase above into concrete actions&#10;    throw new io.cucumber.java.PendingException();&#10;}&#10;" type="io.cucumber.junit.UndefinedStepException">io.cucumber.junit.UndefinedStepException: 
The step 'user  click login button' is undefined.
You can implement this step using the snippet(s) below:

@When("user  click login button")
public void user_click_login_button() {
    // Write code here that turns the phrase above into concrete actions
    throw new io.cucumber.java.PendingException();
}

</error>
  </testcase>
  <testcase name="User able to login with different username and passward #3" classname="Check login functionality different set of creadentials" time="4.837">
    <error message="The step &apos;user  click login button&apos; is undefined.&#10;You can implement this step using the snippet(s) below:&#10;&#10;@When(&quot;user  click login button&quot;)&#10;public void user_click_login_button() {&#10;    // Write code here that turns the phrase above into concrete actions&#10;    throw new io.cucumber.java.PendingException();&#10;}&#10;" type="io.cucumber.junit.UndefinedStepException">io.cucumber.junit.UndefinedStepException: 
The step 'user  click login button' is undefined.
You can implement this step using the snippet(s) below:

@When("user  click login button")
public void user_click_login_button() {
    // Write code here that turns the phrase above into concrete actions
    throw new io.cucumber.java.PendingException();
}

</error>
  </testcase>
  <testcase name="User able to login with different username and passward #4" classname="Check login functionality different set of creadentials" time="4.56">
    <error message="The step &apos;user  click login button&apos; is undefined.&#10;You can implement this step using the snippet(s) below:&#10;&#10;@When(&quot;user  click login button&quot;)&#10;public void user_click_login_button() {&#10;    // Write code here that turns the phrase above into concrete actions&#10;    throw new io.cucumber.java.PendingException();&#10;}&#10;" type="io.cucumber.junit.UndefinedStepException">io.cucumber.junit.UndefinedStepException: 
The step 'user  click login button' is undefined.
You can implement this step using the snippet(s) below:

@When("user  click login button")
public void user_click_login_button() {
    // Write code here that turns the phrase above into concrete actions
    throw new io.cucumber.java.PendingException();
}

</error>
  </testcase>
</testsuite>